mode: set
github.com/joaoCrulhas/omnevo-super-heroes/src/infra/db/memory/helper.go:10.75,14.16 4 0
github.com/joaoCrulhas/omnevo-super-heroes/src/infra/db/memory/helper.go:14.16,16.3 1 0
github.com/joaoCrulhas/omnevo-super-heroes/src/infra/db/memory/helper.go:17.2,20.16 4 0
github.com/joaoCrulhas/omnevo-super-heroes/src/infra/db/memory/helper.go:20.16,22.3 1 0
github.com/joaoCrulhas/omnevo-super-heroes/src/infra/db/memory/helper.go:23.2,23.35 1 0
github.com/joaoCrulhas/omnevo-super-heroes/src/infra/db/memory/helper.go:23.35,26.3 2 0
github.com/joaoCrulhas/omnevo-super-heroes/src/infra/db/memory/helper.go:27.2,27.25 1 0
github.com/joaoCrulhas/omnevo-super-heroes/src/infra/db/memory/memory-db.go:11.109,12.27 1 1
github.com/joaoCrulhas/omnevo-super-heroes/src/infra/db/memory/memory-db.go:12.27,15.17 3 0
github.com/joaoCrulhas/omnevo-super-heroes/src/infra/db/memory/memory-db.go:15.17,17.4 1 0
github.com/joaoCrulhas/omnevo-super-heroes/src/infra/db/memory/memory-db.go:19.2,21.8 1 1
github.com/joaoCrulhas/omnevo-super-heroes/src/infra/db/memory/memory-db.go:28.96,30.2 1 1
github.com/joaoCrulhas/omnevo-super-heroes/src/infra/db/memory/memory-db.go:32.131,34.37 2 1
github.com/joaoCrulhas/omnevo-super-heroes/src/infra/db/memory/memory-db.go:34.37,35.28 1 1
github.com/joaoCrulhas/omnevo-super-heroes/src/infra/db/memory/memory-db.go:35.28,36.26 1 1
github.com/joaoCrulhas/omnevo-super-heroes/src/infra/db/memory/memory-db.go:36.26,37.25 1 1
github.com/joaoCrulhas/omnevo-super-heroes/src/infra/db/memory/memory-db.go:37.25,38.46 1 1
github.com/joaoCrulhas/omnevo-super-heroes/src/infra/db/memory/memory-db.go:38.46,40.7 1 1
github.com/joaoCrulhas/omnevo-super-heroes/src/infra/db/memory/memory-db.go:45.2,45.20 1 1
github.com/joaoCrulhas/omnevo-super-heroes/src/infra/db/memory/memory-db.go:48.112,51.2 2 0
github.com/joaoCrulhas/omnevo-super-heroes/src/infra/encrypter/deesee-chiffre/service.go:18.162,25.2 1 1
github.com/joaoCrulhas/omnevo-super-heroes/src/infra/encrypter/deesee-chiffre/service.go:27.83,29.16 2 1
github.com/joaoCrulhas/omnevo-super-heroes/src/infra/encrypter/deesee-chiffre/service.go:29.16,31.3 1 1
github.com/joaoCrulhas/omnevo-super-heroes/src/infra/encrypter/deesee-chiffre/service.go:32.2,33.31 2 1
github.com/joaoCrulhas/omnevo-super-heroes/src/infra/encrypter/deesee-chiffre/service.go:33.31,35.34 2 1
github.com/joaoCrulhas/omnevo-super-heroes/src/infra/encrypter/deesee-chiffre/service.go:35.34,37.4 1 1
github.com/joaoCrulhas/omnevo-super-heroes/src/infra/encrypter/deesee-chiffre/service.go:38.3,38.31 1 1
github.com/joaoCrulhas/omnevo-super-heroes/src/infra/encrypter/deesee-chiffre/service.go:40.2,40.47 1 1
github.com/joaoCrulhas/omnevo-super-heroes/src/infra/encrypter/deesee-chiffre/service.go:43.80,44.40 1 1
github.com/joaoCrulhas/omnevo-super-heroes/src/infra/encrypter/deesee-chiffre/service.go:44.40,45.35 1 1
github.com/joaoCrulhas/omnevo-super-heroes/src/infra/encrypter/deesee-chiffre/service.go:45.35,47.4 1 1
github.com/joaoCrulhas/omnevo-super-heroes/src/infra/encrypter/deesee-chiffre/service.go:49.2,49.12 1 1
github.com/joaoCrulhas/omnevo-super-heroes/src/presentation/controllers/create-validators.go:13.50,15.14 2 0
github.com/joaoCrulhas/omnevo-super-heroes/src/presentation/controllers/create-validators.go:15.14,18.3 2 0
github.com/joaoCrulhas/omnevo-super-heroes/src/presentation/controllers/create-validators.go:19.2,19.12 1 0
github.com/joaoCrulhas/omnevo-super-heroes/src/presentation/controllers/create.go:20.203,25.2 4 0
github.com/joaoCrulhas/omnevo-super-heroes/src/presentation/controllers/create.go:27.119,32.2 1 0
github.com/joaoCrulhas/omnevo-super-heroes/src/presentation/controllers/create.go:34.102,36.16 2 0
github.com/joaoCrulhas/omnevo-super-heroes/src/presentation/controllers/create.go:36.16,38.3 1 0
github.com/joaoCrulhas/omnevo-super-heroes/src/presentation/controllers/create.go:40.2,41.26 2 0
github.com/joaoCrulhas/omnevo-super-heroes/src/presentation/controllers/create.go:41.26,43.3 1 0
github.com/joaoCrulhas/omnevo-super-heroes/src/presentation/controllers/create.go:44.2,45.25 2 0
github.com/joaoCrulhas/omnevo-super-heroes/src/presentation/controllers/create.go:45.25,47.3 1 0
github.com/joaoCrulhas/omnevo-super-heroes/src/presentation/controllers/create.go:48.2,49.27 2 0
github.com/joaoCrulhas/omnevo-super-heroes/src/presentation/controllers/create.go:49.27,51.3 1 0
github.com/joaoCrulhas/omnevo-super-heroes/src/presentation/controllers/create.go:52.2,52.72 1 0
github.com/joaoCrulhas/omnevo-super-heroes/src/presentation/controllers/create.go:55.120,56.49 1 0
github.com/joaoCrulhas/omnevo-super-heroes/src/presentation/controllers/create.go:56.49,57.51 1 0
github.com/joaoCrulhas/omnevo-super-heroes/src/presentation/controllers/create.go:57.51,59.18 2 0
github.com/joaoCrulhas/omnevo-super-heroes/src/presentation/controllers/create.go:59.18,61.5 1 0
github.com/joaoCrulhas/omnevo-super-heroes/src/presentation/controllers/create.go:64.2,64.12 1 0
github.com/joaoCrulhas/omnevo-super-heroes/src/presentation/controllers/create.go:67.181,69.16 2 0
github.com/joaoCrulhas/omnevo-super-heroes/src/presentation/controllers/create.go:69.16,71.3 1 0
github.com/joaoCrulhas/omnevo-super-heroes/src/presentation/controllers/create.go:72.2,72.67 1 0
github.com/joaoCrulhas/omnevo-super-heroes/src/presentation/controllers/fetch.go:21.207,26.2 4 0
github.com/joaoCrulhas/omnevo-super-heroes/src/presentation/controllers/fetch.go:28.180,34.2 1 1
github.com/joaoCrulhas/omnevo-super-heroes/src/presentation/controllers/fetch.go:36.101,38.16 2 0
github.com/joaoCrulhas/omnevo-super-heroes/src/presentation/controllers/fetch.go:38.16,40.3 1 0
github.com/joaoCrulhas/omnevo-super-heroes/src/presentation/controllers/fetch.go:41.2,42.27 2 0
github.com/joaoCrulhas/omnevo-super-heroes/src/presentation/controllers/fetch.go:42.27,44.3 1 0
github.com/joaoCrulhas/omnevo-super-heroes/src/presentation/controllers/fetch.go:45.2,45.72 1 0
github.com/joaoCrulhas/omnevo-super-heroes/src/presentation/controllers/fetch.go:48.187,51.25 3 1
github.com/joaoCrulhas/omnevo-super-heroes/src/presentation/controllers/fetch.go:51.25,52.23 1 1
github.com/joaoCrulhas/omnevo-super-heroes/src/presentation/controllers/fetch.go:52.23,54.18 2 1
github.com/joaoCrulhas/omnevo-super-heroes/src/presentation/controllers/fetch.go:54.18,56.5 1 0
github.com/joaoCrulhas/omnevo-super-heroes/src/presentation/controllers/fetch.go:57.4,63.6 1 1
github.com/joaoCrulhas/omnevo-super-heroes/src/presentation/controllers/fetch.go:65.3,65.32 1 1
github.com/joaoCrulhas/omnevo-super-heroes/src/presentation/controllers/fetch.go:67.2,68.31 2 0
github.com/joaoCrulhas/omnevo-super-heroes/src/presentation/controllers/fetch.go:71.149,73.28 2 1
github.com/joaoCrulhas/omnevo-super-heroes/src/presentation/controllers/fetch.go:73.28,75.3 1 1
github.com/joaoCrulhas/omnevo-super-heroes/src/presentation/controllers/fetch.go:76.2,77.16 2 1
github.com/joaoCrulhas/omnevo-super-heroes/src/presentation/controllers/fetch.go:77.16,79.3 1 0
github.com/joaoCrulhas/omnevo-super-heroes/src/presentation/controllers/fetch.go:80.2,81.16 2 1
github.com/joaoCrulhas/omnevo-super-heroes/src/presentation/controllers/fetch.go:81.16,83.3 1 0
github.com/joaoCrulhas/omnevo-super-heroes/src/presentation/controllers/fetch.go:84.2,84.94 1 1
