mode: set
github.com/joaoCrulhas/omnevo-super-heroes/src/infra/db/memory/helper.go:10.69,12.16 2 0
github.com/joaoCrulhas/omnevo-super-heroes/src/infra/db/memory/helper.go:12.16,14.3 1 0
github.com/joaoCrulhas/omnevo-super-heroes/src/infra/db/memory/helper.go:15.2,19.16 5 0
github.com/joaoCrulhas/omnevo-super-heroes/src/infra/db/memory/helper.go:19.16,21.3 1 0
github.com/joaoCrulhas/omnevo-super-heroes/src/infra/db/memory/helper.go:22.2,22.25 1 0
github.com/joaoCrulhas/omnevo-super-heroes/src/infra/db/memory/memory-db.go:11.94,12.27 1 1
github.com/joaoCrulhas/omnevo-super-heroes/src/infra/db/memory/memory-db.go:12.27,15.17 3 0
github.com/joaoCrulhas/omnevo-super-heroes/src/infra/db/memory/memory-db.go:15.17,17.14 1 0
github.com/joaoCrulhas/omnevo-super-heroes/src/infra/db/memory/memory-db.go:20.2,22.3 1 1
github.com/joaoCrulhas/omnevo-super-heroes/src/infra/db/memory/memory-db.go:29.90,31.2 1 1
github.com/joaoCrulhas/omnevo-super-heroes/src/infra/db/memory/memory-db.go:33.125,35.37 2 1
github.com/joaoCrulhas/omnevo-super-heroes/src/infra/db/memory/memory-db.go:35.37,36.28 1 1
github.com/joaoCrulhas/omnevo-super-heroes/src/infra/db/memory/memory-db.go:36.28,37.26 1 1
github.com/joaoCrulhas/omnevo-super-heroes/src/infra/db/memory/memory-db.go:37.26,38.25 1 1
github.com/joaoCrulhas/omnevo-super-heroes/src/infra/db/memory/memory-db.go:38.25,39.46 1 1
github.com/joaoCrulhas/omnevo-super-heroes/src/infra/db/memory/memory-db.go:39.46,41.7 1 1
github.com/joaoCrulhas/omnevo-super-heroes/src/infra/db/memory/memory-db.go:46.2,46.20 1 1
github.com/joaoCrulhas/omnevo-super-heroes/src/infra/encrypter/deesee-chiffre/service.go:18.162,25.2 1 1
github.com/joaoCrulhas/omnevo-super-heroes/src/infra/encrypter/deesee-chiffre/service.go:27.83,29.16 2 1
github.com/joaoCrulhas/omnevo-super-heroes/src/infra/encrypter/deesee-chiffre/service.go:29.16,31.3 1 1
github.com/joaoCrulhas/omnevo-super-heroes/src/infra/encrypter/deesee-chiffre/service.go:32.2,33.31 2 1
github.com/joaoCrulhas/omnevo-super-heroes/src/infra/encrypter/deesee-chiffre/service.go:33.31,35.34 2 1
github.com/joaoCrulhas/omnevo-super-heroes/src/infra/encrypter/deesee-chiffre/service.go:35.34,37.4 1 1
github.com/joaoCrulhas/omnevo-super-heroes/src/infra/encrypter/deesee-chiffre/service.go:38.3,38.31 1 1
github.com/joaoCrulhas/omnevo-super-heroes/src/infra/encrypter/deesee-chiffre/service.go:40.2,40.47 1 1
github.com/joaoCrulhas/omnevo-super-heroes/src/infra/encrypter/deesee-chiffre/service.go:43.80,44.40 1 1
github.com/joaoCrulhas/omnevo-super-heroes/src/infra/encrypter/deesee-chiffre/service.go:44.40,45.35 1 1
github.com/joaoCrulhas/omnevo-super-heroes/src/infra/encrypter/deesee-chiffre/service.go:45.35,47.4 1 1
github.com/joaoCrulhas/omnevo-super-heroes/src/infra/encrypter/deesee-chiffre/service.go:49.2,49.12 1 1
github.com/joaoCrulhas/omnevo-super-heroes/src/presentation/controllers/fetch.go:19.147,23.2 3 0
github.com/joaoCrulhas/omnevo-super-heroes/src/presentation/controllers/fetch.go:25.120,30.2 1 1
github.com/joaoCrulhas/omnevo-super-heroes/src/presentation/controllers/fetch.go:32.101,34.16 2 0
github.com/joaoCrulhas/omnevo-super-heroes/src/presentation/controllers/fetch.go:34.16,36.3 1 0
github.com/joaoCrulhas/omnevo-super-heroes/src/presentation/controllers/fetch.go:37.2,38.27 2 0
github.com/joaoCrulhas/omnevo-super-heroes/src/presentation/controllers/fetch.go:38.27,40.3 1 0
github.com/joaoCrulhas/omnevo-super-heroes/src/presentation/controllers/fetch.go:41.2,41.77 1 0
github.com/joaoCrulhas/omnevo-super-heroes/src/presentation/controllers/fetch.go:44.150,45.28 1 1
github.com/joaoCrulhas/omnevo-super-heroes/src/presentation/controllers/fetch.go:45.28,47.3 1 1
github.com/joaoCrulhas/omnevo-super-heroes/src/presentation/controllers/fetch.go:48.2,49.16 2 1
github.com/joaoCrulhas/omnevo-super-heroes/src/presentation/controllers/fetch.go:49.16,54.3 1 1
github.com/joaoCrulhas/omnevo-super-heroes/src/presentation/controllers/fetch.go:56.2,56.49 1 1
github.com/joaoCrulhas/omnevo-super-heroes/src/presentation/controllers/fetch.go:56.49,57.23 1 1
github.com/joaoCrulhas/omnevo-super-heroes/src/presentation/controllers/fetch.go:57.23,59.18 2 1
github.com/joaoCrulhas/omnevo-super-heroes/src/presentation/controllers/fetch.go:59.18,61.5 1 0
github.com/joaoCrulhas/omnevo-super-heroes/src/presentation/controllers/fetch.go:62.4,63.18 2 1
github.com/joaoCrulhas/omnevo-super-heroes/src/presentation/controllers/fetch.go:63.18,65.5 1 0
github.com/joaoCrulhas/omnevo-super-heroes/src/presentation/controllers/fetch.go:69.2,72.3 1 1
github.com/joaoCrulhas/omnevo-super-heroes/src/presentation/controllers/fetch.go:75.150,78.38 3 1
github.com/joaoCrulhas/omnevo-super-heroes/src/presentation/controllers/fetch.go:78.38,79.14 1 1
github.com/joaoCrulhas/omnevo-super-heroes/src/presentation/controllers/fetch.go:80.38,81.68 1 1
github.com/joaoCrulhas/omnevo-super-heroes/src/presentation/controllers/fetch.go:82.11,83.127 1 0
github.com/joaoCrulhas/omnevo-super-heroes/src/presentation/controllers/fetch.go:86.2,86.82 1 1
